#
# There is insufficient memory for the Java Runtime Environment to continue.
# Native memory allocation (mmap) failed to map 4194304 bytes for G1 virtual space
# Possible reasons:
#   The system is out of physical RAM or swap space
#   The process is running with CompressedOops enabled, and the Java Heap may be blocking the growth of the native heap
# Possible solutions:
#   Reduce memory load on the system
#   Increase physical memory or swap space
#   Check if swap backing store is full
#   Decrease Java heap size (-Xmx/-Xms)
#   Decrease number of Java threads
#   Decrease Java thread stack sizes (-Xss)
#   Set larger code cache with -XX:ReservedCodeCacheSize=
#   JVM is running with Zero Based Compressed Oops mode in which the Java heap is
#     placed in the first 32GB address space. The Java Heap base address is the
#     maximum limit for the native heap growth. Please use -XX:HeapBaseMinAddress
#     to set the Java Heap base and to place the Java Heap above 32GB virtual address.
# This output file may be truncated or incomplete.
#
#  Out of Memory Error (os_windows.cpp:3536), pid=24876, tid=24544
#
# JRE version:  (19.0.2+7) (build )
# Java VM: Java HotSpot(TM) 64-Bit Server VM (19.0.2+7-44, mixed mode, sharing, tiered, compressed oops, compressed class ptrs, g1 gc, windows-amd64)
# No core dump will be written. Minidumps are not enabled by default on client versions of Windows
#

---------------  S U M M A R Y ------------

Command Line: -XX:+ShowCodeDetailsInExceptionMessages -agentlib:jdwp=transport=dt_socket,suspend=y,address=localhost:51809 -javaagent:C:\Users\arunkumar.p\eclipse\java-2022-06\eclipse\configuration\org.eclipse.osgi\215\0\.cp\lib\javaagent-shaded.jar -Dfile.encoding=UTF-8 com.atm.demo.Main

Host: Intel(R) Core(TM) i5-4590 CPU @ 3.30GHz, 4 cores, 15G,  Windows 10 , 64 bit Build 19041 (10.0.19041.3155)
Time: Thu Aug 31 12:32:18 2023 India Standard Time elapsed time: 0.030444 seconds (0d 0h 0m 0s)

---------------  T H R E A D  ---------------

Current thread (0x000001ffa58cc460):  JavaThread "Unknown thread" [_thread_in_vm, id=24544, stack(0x0000005f2e200000,0x0000005f2e300000)]

Stack: [0x0000005f2e200000,0x0000005f2e300000]
Native frames: (J=compiled Java code, j=interpreted, Vv=VM code, C=native code)
V  [jvm.dll+0x6ee21a]
V  [jvm.dll+0x85765e]
V  [jvm.dll+0x85904e]
V  [jvm.dll+0x859703]
V  [jvm.dll+0x28298f]
V  [jvm.dll+0x6eb009]
V  [jvm.dll+0x6dfbaa]
V  [jvm.dll+0x3573f6]
V  [jvm.dll+0x35ee56]
V  [jvm.dll+0x3b5433]
V  [jvm.dll+0x3b564f]
V  [jvm.dll+0x32c9ea]
V  [jvm.dll+0x32d89e]
V  [jvm.dll+0x821780]
V  [jvm.dll+0x3c2661]
V  [jvm.dll+0x801f51]
V  [jvm.dll+0x44ae8f]
V  [jvm.dll+0x44c811]
C  [jli.dll+0x5287]
C  [ucrtbase.dll+0x21bb2]
C  [KERNEL32.DLL+0x17614]
C  [ntdll.dll+0x526b1]


---------------  P R O C E S S  ---------------

Threads class SMR info:
_java_thread_list=0x00007fff8ff9d048, length=0, elements={
}

Java Threads: ( => current thread )

Other Threads:
  0x000001ffa593ba80 WorkerThread "GC Thread#0" [stack: 0x0000005f2e300000,0x0000005f2e400000] [id=24020]
  0x000001ffa594d790 ConcurrentGCThread "G1 Main Marker" [stack: 0x0000005f2e400000,0x0000005f2e500000] [id=29552]
  0x000001ffa594ea10 WorkerThread "G1 Conc#0" [stack: 0x0000005f2e500000,0x0000005f2e600000] [id=12380]

[error occurred during error reporting (printing all threads), id 0xc0000005, EXCEPTION_ACCESS_VIOLATION (0xc0000005) at pc=0x00007fff8f75d427]

VM state: not at safepoint (not fully initialized)

VM Mutex/Monitor currently owned by a thread:  ([mutex/lock_event])
[0x000001ffa58c77f0] Heap_lock - owner thread: 0x000001ffa58cc460

Heap address: 0x0000000701600000, size: 4074 MB, Compressed Oops mode: Zero based, Oop shift amount: 3

CDS archive(s) mapped at: [0x0000000000000000-0x0000000000000000-0x0000000000000000), size 0, SharedBaseAddress: 0x0000000800000000, ArchiveRelocationMode: 0.
Narrow klass base: 0x0000000000000000, Narrow klass shift: 0, Narrow klass range: 0x0

GC Precious Log:
 CardTable entry size: 512
 Card Set container configuration: InlinePtr #cards 4 size 8 Array Of Cards #cards 16 size 48 Howl #buckets 8 coarsen threshold 3686 Howl Bitmap #cards 512 size 80 coarsen threshold 460 Card regions per heap region 1 cards per card region 4096

Heap:
 garbage-first heap   total 0K, used 0K [0x0000000701600000, 0x0000000800000000)
  region size 2048K, 0 young (0K), 0 survivors (0K)

[error occurred during error reporting (printing heap information), id 0xc0000005, EXCEPTION_ACCESS_VIOLATION (0xc0000005) at pc=0x00007fff8fb66649]

GC Heap History (0 events):
No events

Dll operation events (1 events):
Event: 0.018 Loaded shared library C:\Program Files\Java\jdk-19\bin\java.dll

Deoptimization events (0 events):
No events

Classes loaded (0 events):
No events

Classes unloaded (0 events):
No events

Classes redefined (0 events):
No events

Internal exceptions (0 events):
No events

VM Operations (0 events):
No events

Events (0 events):
No events


Dynamic libraries:
0x00007ff74ad00000 - 0x00007ff74ad10000 	C:\Program Files\Java\jdk-19\bin\javaw.exe
0x00007ff8277f0000 - 0x00007ff8279e8000 	C:\Windows\SYSTEM32\ntdll.dll
0x00007ff826400000 - 0x00007ff8264bf000 	C:\Windows\System32\KERNEL32.DLL
0x00007ff825360000 - 0x00007ff825656000 	C:\Windows\System32\KERNELBASE.dll
0x00007ff8251f0000 - 0x00007ff8252f0000 	C:\Windows\System32\ucrtbase.dll
0x00007ff8169f0000 - 0x00007ff816a08000 	C:\Program Files\Java\jdk-19\bin\jli.dll
0x00007ff8169d0000 - 0x00007ff8169eb000 	C:\Program Files\Java\jdk-19\bin\VCRUNTIME140.dll
0x00007ff825bb0000 - 0x00007ff825c5f000 	C:\Windows\System32\ADVAPI32.dll
0x00007ff826c80000 - 0x00007ff826d1e000 	C:\Windows\System32\msvcrt.dll
0x00007ff826db0000 - 0x00007ff826e4c000 	C:\Windows\System32\sechost.dll
0x00007ff826210000 - 0x00007ff826336000 	C:\Windows\System32\RPCRT4.dll
0x00007ff827460000 - 0x00007ff8275fd000 	C:\Windows\System32\USER32.dll
0x00007ff8250c0000 - 0x00007ff8250e2000 	C:\Windows\System32\win32u.dll
0x00007ff825d70000 - 0x00007ff825d9c000 	C:\Windows\System32\GDI32.dll
0x00007ff824f00000 - 0x00007ff825015000 	C:\Windows\System32\gdi32full.dll
0x00007ff825020000 - 0x00007ff8250bd000 	C:\Windows\System32\msvcp_win.dll
0x00007ff81c280000 - 0x00007ff81c51a000 	C:\Windows\WinSxS\amd64_microsoft.windows.common-controls_6595b64144ccf1df_6.0.19041.1110_none_60b5254171f9507e\COMCTL32.dll
0x00007ff81cd60000 - 0x00007ff81cd6a000 	C:\Windows\SYSTEM32\VERSION.dll
0x00007ff826d80000 - 0x00007ff826db0000 	C:\Windows\System32\IMM32.DLL
0x00007ff820d90000 - 0x00007ff820d9c000 	C:\Program Files\Java\jdk-19\bin\vcruntime140_1.dll
0x00007ffff91e0000 - 0x00007ffff926e000 	C:\Program Files\Java\jdk-19\bin\msvcp140.dll
0x00007fff8f420000 - 0x00007fff900e0000 	C:\Program Files\Java\jdk-19\bin\server\jvm.dll
0x00007ff81adc0000 - 0x00007ff81ade7000 	C:\Windows\SYSTEM32\WINMM.dll
0x00007ff820d00000 - 0x00007ff820d09000 	C:\Windows\SYSTEM32\WSOCK32.dll
0x00007ff8264c0000 - 0x00007ff82652b000 	C:\Windows\System32\WS2_32.dll
0x00007ff822bb0000 - 0x00007ff822bc2000 	C:\Windows\SYSTEM32\kernel.appcore.dll
0x00007ff820a90000 - 0x00007ff820a9a000 	C:\Program Files\Java\jdk-19\bin\jimage.dll
0x00007ff81c900000 - 0x00007ff81cae4000 	C:\Windows\SYSTEM32\DBGHELP.DLL
0x00007ff81c880000 - 0x00007ff81c8b4000 	C:\Windows\SYSTEM32\dbgcore.DLL
0x00007ff8257c0000 - 0x00007ff825842000 	C:\Windows\System32\bcryptPrimitives.dll
0x00007ffff4970000 - 0x00007ffff49ac000 	C:\Program Files\Java\jdk-19\bin\jdwp.dll
0x00007ff819c30000 - 0x00007ff819c3e000 	C:\Program Files\Java\jdk-19\bin\instrument.dll
0x00007ff816920000 - 0x00007ff816946000 	C:\Program Files\Java\jdk-19\bin\java.dll

dbghelp: loaded successfully - version: 4.0.5 - missing functions: none
symbol engine: initialized successfully - sym options: 0x614 - pdb path: .;C:\Program Files\Java\jdk-19\bin;C:\Windows\SYSTEM32;C:\Windows\WinSxS\amd64_microsoft.windows.common-controls_6595b64144ccf1df_6.0.19041.1110_none_60b5254171f9507e;C:\Program Files\Java\jdk-19\bin\server

VM Arguments:
jvm_args: -XX:+ShowCodeDetailsInExceptionMessages -agentlib:jdwp=transport=dt_socket,suspend=y,address=localhost:51809 -javaagent:C:\Users\arunkumar.p\eclipse\java-2022-06\eclipse\configuration\org.eclipse.osgi\215\0\.cp\lib\javaagent-shaded.jar -Dfile.encoding=UTF-8 
java_command: com.atm.demo.Main
java_class_path (initial): C:\Users\arunkumar.p\git\repository\ATM\bin;C:\Users\arunkumar.p\git\repository\ATM\Driver\mysql-connector-j-8.1.0.jar
Launcher Type: SUN_STANDARD

[Global flags]
     intx CICompilerCount                          = 3                                         {product} {ergonomic}
     uint ConcGCThreads                            = 1                                         {product} {ergonomic}
     uint G1ConcRefinementThreads                  = 4                                         {product} {ergonomic}
   size_t G1HeapRegionSize                         = 2097152                                   {product} {ergonomic}
    uintx GCDrainStackTargetSize                   = 64                                        {product} {ergonomic}
   size_t InitialHeapSize                          = 268435456                                 {product} {ergonomic}
   size_t MarkStackSize                            = 4194304                                   {product} {ergonomic}
   size_t MaxHeapSize                              = 4271898624                                {product} {ergonomic}
   size_t MinHeapDeltaBytes                        = 2097152                                   {product} {ergonomic}
   size_t MinHeapSize                              = 8388608                                   {product} {ergonomic}
    uintx NonNMethodCodeHeapSize                   = 5832780                                {pd product} {ergonomic}
    uintx NonProfiledCodeHeapSize                  = 122912730                              {pd product} {ergonomic}
    uintx ProfiledCodeHeapSize                     = 122912730                              {pd product} {ergonomic}
    uintx ReservedCodeCacheSize                    = 251658240                              {pd product} {ergonomic}
     bool SegmentedCodeCache                       = true                                      {product} {ergonomic}
     bool ShowCodeDetailsInExceptionMessages       = true                                   {manageable} {command line}
   size_t SoftMaxHeapSize                          = 4271898624                             {manageable} {ergonomic}
     bool UseCompressedClassPointers               = true                           {product lp64_product} {ergonomic}
     bool UseCompressedOops                        = true                           {product lp64_product} {ergonomic}
     bool UseG1GC                                  = true                                      {product} {ergonomic}
     bool UseLargePagesIndividualAllocation        = false                                  {pd product} {ergonomic}

Logging:
Log output configuration:
 #0: stdout all=warning uptime,level,tags foldmultilines=false
 #1: stderr all=off uptime,level,tags foldmultilines=false

Environment Variables:
JAVA_HOME=C:\Program Files\Java\jdk-19
PATH=C:\Program Files\Common Files\Oracle\Java\javapath;C:\Program Files (x86)\Common Files\Oracle\Java\javapath;C:\Windows\system32;C:\Windows;C:\Windows\System32\Wbem;C:\Windows\System32\WindowsPowerShell\v1.0\;C:\Windows\System32\OpenSSH\;C:\Program Files\TortoiseSVN\bin;C:\Program Files (x86)\Microsoft SQL Server\150\Tools\Binn\;C:\Program Files\Microsoft SQL Server\150\Tools\Binn\;C:\Program Files (x86)\Microsoft SQL Server\150\DTS\Binn\;C:\Program Files\Microsoft SQL Server\150\DTS\Binn\;C:\Program Files\Microsoft SQL Server\Client SDK\ODBC\170\Tools\Binn\;C:\Program Files\Azure Data Studio\bin;C:\Program Files\Java\jdk-19\bin;C:\Users\arunkumar.p\AppData\Local\Programs\Python\Python311\Scripts\;C:\Users\arunkumar.p\AppData\Local\Programs\Python\Python311\;C:\Users\arunkumar.p\AppData\Local\Microsoft\WindowsApps;C:\Users\arunkumar.p\AppData\Local\Programs\Microsoft VS Code\bin;C:\Users\arunkumar.p\AppData\Local\Programs\Git\cmd
USERNAME=arunkumar.p
OS=Windows_NT
PROCESSOR_IDENTIFIER=Intel64 Family 6 Model 60 Stepping 3, GenuineIntel
TMP=C:\Users\ARUNKU~1.P\AppData\Local\Temp
TEMP=C:\Users\ARUNKU~1.P\AppData\Local\Temp



---------------  S Y S T E M  ---------------

OS:
 Windows 10 , 64 bit Build 19041 (10.0.19041.3155)
OS uptime: 21 days 8:37 hours

CPU: total 4 (initial active 4) (4 cores per cpu, 1 threads per core) family 6 model 60 stepping 3 microcode 0x27, cx8, cmov, fxsr, mmx, sse, sse2, sse3, ssse3, sse4.1, sse4.2, popcnt, lzcnt, tsc, tscinvbit, avx, avx2, aes, erms, clmul, bmi1, bmi2, fma, vzeroupper, clflush, rdtscp

Memory: 4k page, system-wide physical 16292M (5275M free)
TotalPageFile size 41892M (AvailPageFile size 16M)
current process WorkingSet (physical memory assigned to process): 11M, peak: 11M
current process commit charge ("private bytes"): 308M, peak: 312M

vm_info: Java HotSpot(TM) 64-Bit Server VM (19.0.2+7-44) for windows-amd64 JRE (19.0.2+7-44), built on 2022-11-30T18:02:09Z by "mach5one" with MS VC++ 17.1 (VS2022)

END.
